Flutter crash report.
Please report a bug at https://github.com/flutter/flutter/issues.

## command

flutter --no-color run --machine --track-widget-creation --device-id=chrome --start-paused --dart-define=flutter.inspector.structuredErrors=true lib\main.dart

## exception

FileSystemException: FileSystemException: Cannot open file, path = 'C:\Users\Sajid computers\StudioProjects\learning_06_QuizApp\windows\flutter\generated_plugin_registrant.h' (OS Error: The process cannot access the file because it is being used by another process.
, errno = 32)

```
#0      _File.throwIfError (dart:io/file_impl.dart:629:7)
#1      _File.openSync (dart:io/file_impl.dart:473:5)
#2      _File.writeAsBytesSync (dart:io/file_impl.dart:598:31)
#3      _File.writeAsStringSync (dart:io/file_impl.dart:622:5)
#4      ForwardingFile.writeAsStringSync (package:file/src/forwarding/forwarding_file.dart:150:16)
#5      ErrorHandlingFile.writeAsStringSync.<anonymous closure> (package:flutter_tools/src/base/error_handling_io.dart:271:22)
#6      _runSync (package:flutter_tools/src/base/error_handling_io.dart:600:14)
#7      ErrorHandlingFile.writeAsStringSync (package:flutter_tools/src/base/error_handling_io.dart:270:5)
#8      _renderTemplateToFile (package:flutter_tools/src/flutter_plugins.dart:33:8)
#9      _writeCppPluginRegistrant (package:flutter_tools/src/flutter_plugins.dart:936:3)
#10     writeWindowsPluginFiles (package:flutter_tools/src/flutter_plugins.dart:931:9)
#11     injectPlugins (package:flutter_tools/src/flutter_plugins.dart:1164:11)
<asynchronous suspension>
#12     FlutterProject.ensureReadyForPlatformSpecificTooling (package:flutter_tools/src/project.dart:376:5)
<asynchronous suspension>
#13     FlutterCommand.verifyThenRunCommand (package:flutter_tools/src/runner/flutter_command.dart:1412:7)
<asynchronous suspension>
#14     FlutterCommand.run.<anonymous closure> (package:flutter_tools/src/runner/flutter_command.dart:1257:27)
<asynchronous suspension>
#15     AppContext.run.<anonymous closure> (package:flutter_tools/src/base/context.dart:150:19)
<asynchronous suspension>
#16     CommandRunner.runCommand (package:args/command_runner.dart:209:13)
<asynchronous suspension>
#17     FlutterCommandRunner.runCommand.<anonymous closure> (package:flutter_tools/src/runner/flutter_command_runner.dart:283:9)
<asynchronous suspension>
#18     AppContext.run.<anonymous closure> (package:flutter_tools/src/base/context.dart:150:19)
<asynchronous suspension>
#19     FlutterCommandRunner.runCommand (package:flutter_tools/src/runner/flutter_command_runner.dart:229:5)
<asynchronous suspension>
#20     run.<anonymous closure>.<anonymous closure> (package:flutter_tools/runner.dart:64:9)
<asynchronous suspension>
#21     AppContext.run.<anonymous closure> (package:flutter_tools/src/base/context.dart:150:19)
<asynchronous suspension>
#22     main (package:flutter_tools/executable.dart:91:3)
<asynchronous suspension>
```

## flutter doctor

```
[✓] Flutter (Channel stable, 3.7.9, on Microsoft Windows [Version 10.0.19045.3086], locale en-US)
    • Flutter version 3.7.9 on channel stable at C:\src\flutter
    • Upstream repository https://github.com/flutter/flutter.git
    • Framework revision 62bd79521d (3 months ago), 2023-03-30 10:59:36 -0700
    • Engine revision ec975089ac
    • Dart version 2.19.6
    • DevTools version 2.20.1

[✓] Windows Version (Installed version of Windows is version 10 or higher)

[✓] Android toolchain - develop for Android devices (Android SDK version 33.0.2)
    • Android SDK at F:\SDk_and_etc\Android\Sdk
    • Platform android-33-ext5, build-tools 33.0.2
    • Java binary at: C:\Program Files\Android\Android Studio\jbr\bin\java
    • Java version OpenJDK Runtime Environment (build 17.0.6+0-b2043.56-9586694)
    • All Android licenses accepted.

[✓] Chrome - develop for the web
    • Chrome at C:\Program Files\Google\Chrome\Application\chrome.exe

[✓] Visual Studio - develop for Windows (Visual Studio Community 2019 16.11.25)
    • Visual Studio at C:\Program Files (x86)\Microsoft Visual Studio\2019\Community
    • Visual Studio Community 2019 version 16.11.33423.256
    • Windows 10 SDK version 10.0.19041.0

[✓] Android Studio (version 2022.2)
    • Android Studio at C:\Program Files\Android\Android Studio
    • Flutter plugin can be installed from:
      🔨 https://plugins.jetbrains.com/plugin/9212-flutter
    • Dart plugin can be installed from:
      🔨 https://plugins.jetbrains.com/plugin/6351-dart
    • Java version OpenJDK Runtime Environment (build 17.0.6+0-b2043.56-9586694)

[✓] VS Code (version 1.79.2)
    • VS Code at C:\Users\Sajid computers\AppData\Local\Programs\Microsoft VS Code
    • Flutter extension can be installed from:
      🔨 https://marketplace.visualstudio.com/items?itemName=Dart-Code.flutter

[✓] Connected device (3 available)
    • Windows (desktop) • windows • windows-x64    • Microsoft Windows [Version 10.0.19045.3086]
    • Chrome (web)      • chrome  • web-javascript • Google Chrome 114.0.5735.134
    • Edge (web)        • edge    • web-javascript • Microsoft Edge 114.0.1823.51

[!] HTTP Host Availability
    ✗ HTTP host "https://cocoapods.org/" is not reachable. Reason: An error occurred while checking the HTTP host: Failed host lookup: 'cocoapods.org'
    ✗ HTTP host "https://maven.google.com/" is not reachable. Reason: An error occurred while checking the HTTP host: Failed host lookup: 'maven.google.com'
    ✗ HTTP host "https://pub.dev/" is not reachable. Reason: An error occurred while checking the HTTP host: Failed host lookup: 'pub.dev'
    ✗ HTTP host "https://cloud.google.com/" is not reachable. Reason: An error occurred while checking the HTTP host: Failed host lookup: 'cloud.google.com'

! Doctor found issues in 1 category.
```
